<?xml version="1.0" encoding="UTF-8"?>
<testng-results skipped="0" failed="0" ignored="0" total="1" passed="1">
  <reporter-output>
  </reporter-output>
  <suite name="Default suite" duration-ms="76603" started-at="2019-11-07T03:56:29Z" finished-at="2019-11-07T03:57:46Z">
    <groups>
    </groups>
    <test name="Default test" duration-ms="76603" started-at="2019-11-07T03:56:29Z" finished-at="2019-11-07T03:57:46Z">
      <class name="com.training.sanity.tests.CreatePropertyAddingSubRegion">
        <test-method status="PASS" signature="setUpBeforeClass()[pri:0, instance:com.training.sanity.tests.CreatePropertyAddingSubRegion@4cc0edeb]" name="setUpBeforeClass" is-config="true" duration-ms="8" started-at="2019-11-07T09:26:29Z" finished-at="2019-11-07T09:26:29Z">
          <reporter-output>
          </reporter-output>
        </test-method> <!-- setUpBeforeClass -->
        <test-method status="PASS" signature="setUp()[pri:0, instance:com.training.sanity.tests.CreatePropertyAddingSubRegion@4cc0edeb]" name="setUp" is-config="true" duration-ms="19504" started-at="2019-11-07T09:26:29Z" finished-at="2019-11-07T09:26:49Z">
          <reporter-output>
          </reporter-output>
        </test-method> <!-- setUp -->
        <test-method status="PASS" signature="createPropertyAddingSubRegion()[pri:0, instance:com.training.sanity.tests.CreatePropertyAddingSubRegion@4cc0edeb]" name="createPropertyAddingSubRegion" duration-ms="55160" started-at="2019-11-07T09:26:49Z" finished-at="2019-11-07T09:27:44Z">
          <reporter-output>
          </reporter-output>
        </test-method> <!-- createPropertyAddingSubRegion -->
        <test-method status="PASS" signature="tearDown()[pri:0, instance:com.training.sanity.tests.CreatePropertyAddingSubRegion@4cc0edeb]" name="tearDown" is-config="true" duration-ms="1913" started-at="2019-11-07T09:27:44Z" finished-at="2019-11-07T09:27:46Z">
          <reporter-output>
          </reporter-output>
        </test-method> <!-- tearDown -->
      </class> <!-- com.training.sanity.tests.CreatePropertyAddingSubRegion -->
    </test> <!-- Default test -->
  </suite> <!-- Default suite -->
</testng-results>
