<?xml version="1.0" encoding="UTF-8"?>
<testng-results skipped="0" failed="0" ignored="0" total="1" passed="1">
  <reporter-output>
  </reporter-output>
  <suite name="Default suite" duration-ms="30112" started-at="2019-11-07T04:50:40Z" finished-at="2019-11-07T04:51:10Z">
    <groups>
    </groups>
    <test name="Default test" duration-ms="30112" started-at="2019-11-07T04:50:40Z" finished-at="2019-11-07T04:51:10Z">
      <class name="com.training.sanity.tests.LostPasswordTest">
        <test-method status="PASS" signature="setUpBeforeClass()[pri:0, instance:com.training.sanity.tests.LostPasswordTest@4cc0edeb]" name="setUpBeforeClass" is-config="true" duration-ms="6" started-at="2019-11-07T10:20:40Z" finished-at="2019-11-07T10:20:40Z">
          <reporter-output>
          </reporter-output>
        </test-method> <!-- setUpBeforeClass -->
        <test-method status="PASS" signature="setUp()[pri:0, instance:com.training.sanity.tests.LostPasswordTest@4cc0edeb]" name="setUp" is-config="true" duration-ms="21809" started-at="2019-11-07T10:20:40Z" finished-at="2019-11-07T10:21:02Z">
          <reporter-output>
          </reporter-output>
        </test-method> <!-- setUp -->
        <test-method status="PASS" signature="lostpasswordTest()[pri:0, instance:com.training.sanity.tests.LostPasswordTest@4cc0edeb]" name="lostpasswordTest" duration-ms="6194" started-at="2019-11-07T10:21:02Z" finished-at="2019-11-07T10:21:08Z">
          <reporter-output>
          </reporter-output>
        </test-method> <!-- lostpasswordTest -->
        <test-method status="PASS" signature="tearDown()[pri:0, instance:com.training.sanity.tests.LostPasswordTest@4cc0edeb]" name="tearDown" is-config="true" duration-ms="2068" started-at="2019-11-07T10:21:08Z" finished-at="2019-11-07T10:21:10Z">
          <reporter-output>
          </reporter-output>
        </test-method> <!-- tearDown -->
      </class> <!-- com.training.sanity.tests.LostPasswordTest -->
    </test> <!-- Default test -->
  </suite> <!-- Default suite -->
</testng-results>
